<?xml version="1.0" encoding="UTF-8"?>
<testsuite failures="0" errors="0" skipped="3" tests="3" time="0.000000" name="Opening Case in EMEA Application">
<testcase classname="Opening Case in EMEA Application" name="verify picklist values of Record Type of new record" time="0.000000">
  <skipped/>
  <system-out>
    <![CDATA[]]>
  </system-out>
  <system-err>
    <![CDATA[]]>
  </system-err>
</testcase>
<testcase classname="Opening Case in EMEA Application" name="verify picklist values of Client Case Type" time="0.000000">
  <skipped/>
  <system-out>
    <![CDATA[]]>
  </system-out>
  <system-err>
    <![CDATA[]]>
  </system-err>
</testcase>
<testcase classname="Opening Case in EMEA Application" name="verify the fields of Client Case Type" time="0.000000">
  <skipped/>
  <system-out>
    <![CDATA[]]>
  </system-out>
  <system-err>
    <![CDATA[]]>
  </system-err>
</testcase>
</testsuite>
