<?xml version="1.0" encoding="UTF-8"?>
<testsuite failures="0" errors="0" skipped="3" tests="3" time="0.010000" name="Opening account in EMEA Application">
<testcase classname="Opening account in EMEA Application" name="Creation of Contact" time="0.010000">
  <skipped/>
  <system-out>
    <![CDATA[]]>
  </system-out>
  <system-err>
    <![CDATA[]]>
  </system-err>
</testcase>
<testcase classname="Opening account in EMEA Application" name="US-002644:Verify the field in Contacts" time="0.000000">
  <skipped/>
  <system-out>
    <![CDATA[]]>
  </system-out>
  <system-err>
    <![CDATA[]]>
  </system-err>
</testcase>
<testcase classname="Opening account in EMEA Application" name="US-002644:Verify the field in Contacts for Sales Rep" time="0.000000">
  <skipped/>
  <system-out>
    <![CDATA[]]>
  </system-out>
  <system-err>
    <![CDATA[]]>
  </system-err>
</testcase>
</testsuite>
