<?xml version="1.0" encoding="UTF-8"?>
<testsuite errors="0" failures="0" name="" skipped="0" tests="1" time="39.340366">
<testcase classname="" name="creating a personal user in rml website" time="39.340366">
  <system-out/>
  <system-err/>
</testcase>
  <system-out>
    <![CDATA[]]>
  </system-out>
  <system-err>
    <![CDATA[]]>
  </system-err>
</testsuite>
